[  00000 Itialin cgrp ubsy cset[   0.0000 Inialzinggrup ssy cpu[   .0000]niialingcgro sbsys uact
  0.0000Linuvesion.40-12geeric(bldd@y0amd602) (gccveio 5.4 26060(Untu 4.-6ubnt~16..9) #18-unu SMWe May 1:00: UC 20 (bunt4..0-1.18-geri 4.417
[  00000] omma lne BOOIMGE=/otmlin-4..0-24ener rt=LAL=loudg-ootfroconse=ty1 cool=ttyS0
[  .00000KENEL pprtedpu:
[  0000]  Int GnuineIte
[  0.0000] AMD thticA
    .000]   ntur CntrHau
   00000] 6/puxsate_ofs[2]: 76xsta_szes[: 256    .000] x8/fpuSuppti XSA fatur0x1: '87loatg ointegster
    0000] 86pu SuporngXSVEfeture0x02: 'SEreisers'
[   .00000x8/fpu: Supporting XSAVE feature 0x04: 'AVXX egtes'
   000000] x86/fu:Enled xstate features 0x7, context size is 832 bytes, using 'standard' format.
[    0.000000] x86/fpu: Using 'lazy' FPU context switches.
[     0.00000] e820: BIOS-provided physical RAM map:
[    0.000000] BIOS-e820: [mem 0x0000000000000000-0x000000000009fbff] usable
[    0.00000] BIOS-e820: [mem 0x000000000009fc00-0x000000000009ffff] reserved
[    0.000000] BIOS-e820: [mem 0x00000000000f00000x00000000ffff rerve
   0.00000BIS-e820: me 0000000010000x0000003fefff] usale[   0.0000] BIO-e0: [me 0x000003fff000x0000003fffff] CP dta
[    0.000000] BIOS-e820: [mem 0x00000000fec00000-0x00000000fecff] reered
[    00000] BIOS-e20[mm 0x00000fee0000-x00000fe00ff rseed
[   00000] IOS-e820: [mem 0x00000ffc000x000000ffffff] esrvd
[   00000] NX (Execute Disable) protection: active
[    0.000000] SMBIOS 2.5 present.
[    0.000000] Hyperviordeecte: VM
[    0.000000] e820: last_pfn = 0x3fff0 max_arch_pfn = 0x400000000
[    0.000000] MTRR: Disabled
[    0.000000] x6/T:MTRR dabed, skppg PAT initialization too.
[    0.0000]CPU TRs llblank - virtualized system.
[    0.000000] x86/PAT: Configuration [0-7]: WB  WT  UC- UC  WB  WT  UC- UC  
[    0.000000] found SMP MP-table at [mem 0x0009fff0-0x0009ffff] mapped at [ffff88000009fff0]
[    0.000000] Scanning 1 areas for low memory corruption
[    0.000000] RAMDISK: [mem 0x36aa0000-0x37547fff]
[    0.000000] ACPI: Early table checksum verification disabled
[    0.000000] ACPI: RSDP 0x00000000000E0000 000024 (v02 VBOX  )
[    0.000000] ACPI: XSDT 0x000000003FFF0030 00003C (v01 VBOX   VBOXXSDT 00000001 ASL  00000061)
[    0.000000] ACPI: FACP 0x000000003FFF00F0 0000F4 (v04 VBOX   VBOXFACP 00000001 ASL  00000061)
[    0.000000] ACPI: DSDT 0x000003FFF47001FF (v0 VOX  BOXBOS000000 IL 201052)[   0.0000] CP FCS 0000003FF020 00040[   0.0000 API: FACS 0x000000003FFF0200 000040
[    0.000000] ACPI: APIC 0x000000003FFF0240 00005C (v02 VBOX   VBOXAPIC 00000001 ASL  00000061)
[    0.000000] ACPI: SSDT 0x00000003F02A000CC(v01VBO  BOXCUT000002NTL 2000528)
[    0.000000] No NUMA configuration found
[    0.000000] Faking a node at [mem 0x0000000000000000-0x000000003ffeffff]
[  0.00000]ODE_AT(0alloatd me 0x3fe00-0x3feff
[   .00000] kv-cck Usig sr4b56d0 ad 4b56d0
[    0.000000] kvm-clock: cpu 0, msr 0:3ffe3001, primary cpu clock
[    0.000000] kvm-clock: using sched offset of 3598618975 cycles
[    00000 cloksure: kvmclok:mas: xfffffffffff mx_cycls:0xd42edfb,aax_dl_n: 8859059148 ns[   0.000000] Zone ranges:
[    0.000000]   DMA      [mem 0x00000000000010000x0000000ffffff]
[    0.000000]   DMA32    [mem 0x0000000001000000-0x000000003ffeffff]
[    0.000000]   Normal   empty
[    0.000000]   Device   empty
[    0.000000] Movable zone start for each node
[    0.000000] Early memory node ranges
[    0.000000]   node   0: [mem 0x0000000000001000-0x000000000009efff]
[    0.000000]   node   0: [mem 0x0000000000100000-0x000000003ffeffff]
[    0.000000] Initmem setup node 0 [mem 0x0000000000001000-0x000000003ffeffff]
[    0.000000] ACPI: PM-Timer IO Port: 0x4008
[    0.000000] IOAPIC[0]: apic_id 2, version 32, address 0xfec00000, GSI 0-23
[    0.000000] ACPI: INT_SRC_OVR (bus 0 bus_irq 0 global_irq 2 dfl dfl)
[    0.000000] ACPI: INT_SRC_OVR (bus 0 bus_irq 9 global_irq 9 low level)
[    0.000000] Using ACPI(MT) fr P onfiguration information
[    0.000000] smpboot: Allowing 2 CPUs, 0 hotplug CPUs
[    0.000000] PM: Regstre nsave mmoy:mem x00000-0x000ff
[   00000]PMRegiteedosav mmoy: [me0x009f000x009ffff]
[    0.000000] PM: Registered nosave memory: [mem 0x000a0000-0x000effff]
[    0.000000 P Rgistre nsavemery [me 0000f000-0x0fff]    0.0000] 820:[m 0x400000-xfebffffavillable for PCI devce
   0.000000] Booting paravirtualized kernel on KVM
[    0.000000] clocksource: refined-jiffies: mask: 0xffffffff max_cycles: 0xffffffff, max_idle_ns: 7645519600211568 ns
[    0.000000] setup_percpu: NR_CPUS:512 nr_cpumask_bits:512 nr_cpu_ids:2 nr_node_ids:1
[    0.000000] PERCPU: Embedded 34 pages/cpu @ffff88003fc00000 s99544 r8192 d31528 u1048576
[    0.000000] PV qspinlock hash table entries: 256 (order: 0, 4096 bytes)
[    0.000000] Built 1 zonelists in Node order, mobility grouping on.  Total pages: 257912
[    0.000000] Policy zone: DMA32
[    0.000000] Kernel command line: BOOT_IMAGE=/boot/vmlinuz-4.4.0-124-generic root=LABEL=cloudimg-rootfs ro console=tty1 console=ttyS0
[    0.000000] PID hash table entries: 4096 (order: 3, 32768 bytes)
[    0.000000] Memory: 1001612K/1810K ailbl (853K rnl code1313rwdaa,996Krota 150K it 131 bs,4650K esved,0Kmareseve)
[    .0000]SLUB Halgn=6, der=0-3, MinObjects=0, CPUs=2, Nodes=1
[    0.0000] Kernl/Usr ag table ioltion:enle
[  000000] Hierarchical RCU implementation.
[    0.000000] 	Build-time adjustment of leaf fanout to 64.
[    0.0000]	RU retrting CUsro NR_PU=52 tonrpuids=2.
[    0.000000] CUAdustinggeometr fr rc_fnot_lef=, nrcp_is=2
[  0.000000] NR_IRQS:33024 nr_irqs:440 16
[    0.000000] Console: colur VGA 8x2
[   0.0000] conle [ty1] enbld
[    0.000000] console [tty0]enbld    0.000000] tsc: Detected 2591.996 MHz processor
[   12.798654] Calibrating delay loop (skipped) preset value.. 5183.99 BogoMIPS (lpj=10367984)
[   12.800274] pid_max: default: 32768 minimum: 301
[   12.801160] ACPI: Core revision 20150930
[   12.802840] ACPI: 2 ACPI AML tables successfully acquired and loaded
[   12.804051] Security Framework initialized
[   12.804818] Yama: becoming mindful.
[   12.805562] AppArmor: AppArmor initialized
[   12.806400] Dentry cache hash table entries: 131072 (order: 8, 1048576 bytes)
[   12.810840] Inode-cache hash table entries: 65536 (order: 7, 524288 bytes)
[   12.838349] Mount-cache hash table entries: 2048 (order: 2, 16384 bytes)
[   12.839479] Mountpoint-cache hash table entries: 2048 (order: 2, 16384 bytes)
[   12.840800] Initializing cgroup subsys io
[   12.841613] Initializing cgroup subsys memory
[   12.842411] Initializing cgroup subsys devices
[   12.843217] Initializing cgroup subsys freezer
[   12.844021] Initializing cgroup subsys net_cls
[   12.844859] Initializing cgroup subsys perf_event
[   12.860480] Initializing cgroup subsys net_prio
[   12.861349] Initializing cgroup subsys hugetlb
[   12.898318] Initializing cgroup subsys pids
[   12.899167] CPU: Physical Processor ID: 0
[   12.899931] CPU: Processor Core ID: 0
[   12.900657] FEATURE SPEC_CTRL Not Present
[   12.903086] mce: CPU supports 0 MCE banks
[   12.945504] Last level iTLB entries: 4KB 64, 2MB 8, 4MB 8
[   12.946460] Last level dTLB entries: 4KB 64, 2MB 0, 4MB 0, 1GB 4
[   12.985615] Spectre V2 mitigation: Mitigation: Full generic retpoline
[   13.105758] Spectre V2 mitigation: Speculation control IBPB not-supported IBRS not-supported
[   13.158367] Spectre V2 mitigation: Filling RSB on context switch
[   13.272290] Freeing SMP alternatives memory: 32K
[   13.333821] ftrace: allocating 32202 entries in 126 pages
[   13.450951] smpboot: APIC(0) Converting physical 0 to logical package 0
[   13.498326] smpboot: Max logical packages: 1
[   13.506476] x2apic enabled
[   13.507302] Switched APIC routing to physical x2apic.
[   13.509347] ..TIMER: vector=0x30 apic1=0 pin1=2 apic2=-1 pin2=-1
[   13.618199] smpboot: CPU0: Intel(R) Core(TM) i7-6500U CPU @ 2.50GHz (family: 0x6, model: 0x4e, stepping: 0x3)
[   13.695185] Performance Events: unsupported p6 CPU model 78 no PMU driver, software events only.
[   13.697006] KVM setup paravirtual spinlock
[   13.712310] x86: Booting SMP configuration:
[   13.760821] .... node  #0, CPUs:      #1
[   13.787674] kvm-clock: cpu 1, msr 0:3ffe3041, secondary cpu clock
[   13.918219] mce: CPU supports 0 MCE banks
[   13.937402] x86: Booted up 1 node, 2 CPUs
[   13.956514] smpboot: Total of 2 processors activated (10367.98 BogoMIPS)
[   13.977425] devtmpfs: initialized
[   13.990671] evm: security.selinux
[   13.991399] evm: security.SMACK64
[   13.992103] evm: security.SMACK64EXEC
[   13.992814] evm: security.SMACK64TRANSMUTE
[   14.020933] evm: security.SMACK64MMAP
[   14.027146] evm: security.ima
[   14.051181] evm: security.capability
[   14.052210] clocksource: jiffies: mask: 0xffffffff max_cycles: 0xffffffff, max_idle_ns: 7645041785100000 ns
[   14.059112] futex hash table entries: 512 (order: 3, 32768 bytes)
[   14.075241] pinctrl core: initialized pinctrl subsystem
[   14.135646] RTC time:  2:08:27, date: 05/13/18
[   14.195740] NET: Registered protocol family 16
[   14.233640] cpuidle: using governor ladder
[   14.297293] cpuidle: using governor menu
[   14.309683] PCCT header not found.
[   14.346682] ACPI: bus type PCI registered
[   14.369489] acpiphp: ACPI Hot Plug PCI Controller Driver version: 0.5
[   14.370690] PCI: Using configuration type 1 for base access
[   14.382498] ACPI: Added _OSI(Module Device)
[   14.396365] ACPI: Added _OSI(Processor Device)
[   14.433422] ACPI: Added _OSI(3.0 _SCP Extensions)
[   14.434301] ACPI: Added _OSI(Processor Aggregator Device)
[   14.435918] ACPI: Executed 1 blocks of module-level executable AML code
[   14.439206] ACPI: Interpreter enabled
[   14.456210] ACPI: (supports S0 S5)
[   14.456930] ACPI: Using IOAPIC for interrupt routing
[   14.457985] PCI: Using host bridge windows from ACPI; if necessary, use "pci=nocrs" and report a bug
[   14.467424] ACPI: PCI Root Bridge [PCI0] (domain 0000 [bus 00-ff])
[   14.480009] acpi PNP0A03:00: _OSC: OS supports [ASPM ClockPM Segments MSI]
[   14.481140] acpi PNP0A03:00: _OSC: not requesting OS control; OS requires [ExtendedConfig ASPM ClockPM MSI]
[   14.491495] acpi PNP0A03:00: fail to add MMCONFIG information, can't access extended PCI configuration space under this bridge.
[   14.493725] PCI host bridge to bus 0000:00
[   14.494500] pci_bus 0000:00: root bus resource [io  0x0000-0x0cf7 window]
[   14.510953] pci_bus 0000:00: root bus resource [io  0x0d00-0xffff window]
[   14.517744] pci_bus 0000:00: root bus resource [mem 0x000a0000-0x000bffff window]
[   14.529450] pci_bus 0000:00: root bus resource [mem 0x40000000-0xfdffffff window]
[   14.530848] pci_bus 0000:00: root bus resource [bus 00-ff]
[   14.533381] pci 0000:00:01.1: legacy IDE quirk: reg 0x10: [io  0x01f0-0x01f7]
[   14.552523] pci 0000:00:01.1: legacy IDE quirk: reg 0x14: [io  0x03f6]
[   14.563450] pci 0000:00:01.1: legacy IDE quirk: reg 0x18: [io  0x0170-0x0177]
[   14.567030] pci 0000:00:01.1: legacy IDE quirk: reg 0x1c: [io  0x0376]
[   14.586430] pci 0000:00:07.0: quirk: [io  0x4000-0x403f] claimed by PIIX4 ACPI
[   14.628883] pci 0000:00:07.0: quirk: [io  0x4100-0x410f] claimed by PIIX4 SMB
[   14.639790] ACPI: PCI Interrupt Link [LNKA] (IRQs 5 9 10 *11)
[   14.667322] ACPI: PCI Interrupt Link [LNKB] (IRQs 5 9 *10 11)
[   14.668870] ACPI: PCI Interrupt Link [LNKC] (IRQs 5 *9 10 11)
[   14.718597] ACPI: PCI Interrupt Link [LNKD] (IRQs 5 9 10 *11)
[   14.720107] ACPI: Enabled 2 GPEs in block 00 to 07
[   14.741842] vgaarb: setting as boot device: PCI:0000:00:02.0
[   14.742952] vgaarb: device added: PCI:0000:00:02.0,decodes=io+mem,owns=io+mem,locks=none
[   14.825980] vgaarb: loaded
[   14.834025] vgaarb: bridge control possible 0000:00:02.0
[   14.847986] SCSI subsystem initialized
[   14.850763] ACPI: bus type USB registeree
[   14.883794] usbcore: registered new interface driver usbfs
[   14.884763] usbcore: registered new interface driver hub
[   14.885746] usbcore: registered new device driver usb
[   14.889965] PCI: Using ACPI for IRQ routing
[   14.934197] NetLabel: Initializing
[   14.934888] NetLabel:  domain hash size = 128
[   14.937714] NetLabel:  protocols = UNLABELED CIPSOv4
[   14.968467] NetLabel:  unlabeled traffic allowed by default
[   14.969632] amd_nb: Cannot enumerate AMD northbridges
[   15.023516] clocksource: Switched to clocksource kvm-clock
[   5.377]Aprmr: AppArmor Filesystem Enabled
[   15.371876] pnp: PnP ACPI init
[   15.373278] pnp: PnP ACPI: found 3 devices
[   15.38279 cocouceaci_: sk 0fff axcyle: xfff, axdl_n 25702ns
[  16.34630]NE: gier ptol mi 2

[   16.834546] TCP established hash table entries: 8192 (order: 4, 65536 bytes)
[   16.837374] TCP bind hash table entries: 8192 (order: 5, 131072 bytes)
[   16.838484] TCP: Hash tables configured (established 8192 bind 8192)
[   16.839577] UDP hash table entries: 512 (order: 2, 16384 bytes)
[   16.840620] UDP-Lite hash table entries: 512 (order: 2, 16384 bytes)
[   16.841698] NET: Registered protocol fail1[   16.943290] pci000::00:imtig irctPCPCtranfe
  7.12] i 000:1.: ctvangSAMAhag rkous  8.6433] pain itrfs.
[   20.596744] Freeing initrd memory: 10912K
[   20.644322] platform rtc_cmos: registered platform RTC device (no PNP device found)
[   20.668588] Scanning for low memory corruption every 60 seconds
[   20.670033] audit: initializing netlink subsys (disabled)
[   20.690695] audit: type=2000 audit(1526177304.947:1): initialized
[   20.692035] Initialise system trusted keyring
[   20.693047] HugeTLB registered 2 MB page size, pre-allocated 0 pages
[   20.695380] zbud: loaded
[   20.696359] VFS: Disk quotas dquot_6.6.0
[   20.700161] VFS: Dquot-cache hash table entries: 512 (order 0, 4096 bytes)
[   20.741636] squashfs: version 4.0 (2009/01/31) Phillip Lougher
[   20.750095] fuse init (API version 7.23)
[   20.750967] Key type big_key registered
[   20.751732] Allocating IMA MOK and blacklist keyrings.
[   20.756253] Key type asymmetric registered
[   20.771288] Asymmetric key parser 'x509' registered
[   20.774061] Block layer SCSI generic (bsg) driver version 0.4 loaded (major 249)
[   20.775577] io scheduler noop registered
[   20.776387] io scheduler deadline registered (default)
[   20.777414] io scheduler cfq registered
[   20.778263] pci_hotplug: PCI Hot Plug PCI Core version: 0.5
[   20.798764] pciehp: PCI Express Hot Plug Controller Driver version: 0.4
[   20.800044] ACPI: AC Adapter [AC] (on-line)
[   20.800872] input: Power Button as /devices/LNXSYSTM:00/LNXPWRBN:00/input/input0
[   20.802298] ACPI: Power Button [PWRF]
[   20.803105] input: Sleep Button as /devices/LNXSYSTM:00/LNXSLPBN:00/input/input1
[   20.805721] ACPI: Sleep Button [SLPF]
[   20.806845] GHES: HEST is not enabled!
[   20.807434] ACPI: Battery Slot [BAT0] (battery present)
[   20.844850] Serial: 8250/16550 driver, 32 ports, IRQ sharing enabled
[   20.867845] 00:02: ttyS0 at I/O 0x3f8 (irq = 4, base_baud = 115200) is a 16550A
[   20.894132] Linux agpgart interface v0.103
[   20.906412] loop: module loaded
[   20.908995] scsi host0: ata_piix
[   20.909879] scsi host1: ata_piix
[   20.910594] ata1: PATA max UDMA/33 cmd 0x1f0 ctl 0x3f6 bmdma 0xd000 irq 14
[   20.911824] ata2: PATA max UDMA/33 cmd 0x170 ctl 0x376 bmdma 0xd008 irq 15
[   20.918307] libphy: Fixed MDIO Bus: probed
[   20.920310] tun: Universal TUN/TAP device driver, 1.6
[   20.927235] tun: (C) 1999-2004 Max Krasnyansky <maxk@qualcomm.com>
[   20.928397] PPP generic driver version 2.4.2
[   20.929257] ehci_hcd: USB 2.0 'Enhanced' Host Controller (EHCI) Driver
[   20.930374] ehci-pci: EHCI PCI platform driver
[   20.931228] ehci-platform: EHCI generic platform driver
[   20.940757] ohci_hcd: USB 1.1 'Open' Host Controller (OHCI) Driver
[   20.966185] ohci-pci: OHCI PCI platform driver
[   20.975301] ohci-platform: OHCI generic platform driver
[   20.976321] uhci_hcd: USB Universal Host Controller Interface driver
[   20.977490] i8042: PNP: PS/2 Controller [PNP0303:PS2K,PNP0f03:PS2M] at 0x60,0x64 irq 1,12
[   20.979458] serio: i8042 KBD port at 0x60,0x64 irq 1
[   20.982224] serio: i8042 AUX port at 0x60,0x64 irq 12
[   20.996108] mousedev: PS/2 mouse device common for all mice
[   21.033541] input: AT Translated Set 2 keyboard as /devices/platform/i8042/serio0/input/input2
[   21.037042] rtc_cmos rtc_cmos: rtc core: registered rtc_cmos as rtc0
[   21.059303] rtccm r_cosalrm utoon dy,14bys ra

[  216223 t: efne TC loksure liatn:591.40 M
[   22.329384] clocksource: tsc: mask: 0xffffffffffffffff max_cycles: 0x255a80dabd9, max_idle_ns: 440795295856 ns
[   22.329468] i2c /dev entries driver
[   22.329540] device-mapper: uevent: version 1.0.3
[   22.329635] device-mapper: ioctl: 4.34.0-ioctl (2015-10-28) initialised: dm-devel@redhat.com
[   22.329653] ledtrig-cpu: registered to indicate activity on CPUs
[   22.330029] NET: Registered protocol family 10
[   22.330195] NET: Registered protocol family 17
[   22.330204] Key type dns_resolver registered
[   22.330479] registered taskstats version 1
[   22.330497] Loading compiled-in X.509 certificates
[   22.331285] Loaded X.509 cert 'Build time autogenerated kernel key: 97a7db5071cab428e7f67f96f51ed8d32b3fc527'
[   22.331308] zswap: loaded using pool lzo/zbud
[   22.332880] Key type trusted registered
[   22.335740] Key type encrypted registered
[   22.335748] AppArmor: AppArmor sha1 policy hashing enabled
[   22.335751] ima: No TPM chip found, activating TPM-bypass!
[   22.335772] evm: HMAC attrs: 0x1
[   22.336034]   Magic number: 2:244:106
[   22.347904] rtc_cmos rtc_cmos: setting system clock to 2018-05-13 02:08:35 UTC (1526177315)
[   22.348032] BIOS EDD facility v0.16 2004-Jun-25, 0 devices found
[   22.348033] EDD information not available.
[   22.439355] Freeing unused kernel memory: 1508K
[   22.441398] Write protecting the kernel read-only data: 14336k
[   22.442884] Freeing unused kernel memory: 1696K
[   22.443954] Freeing unused kernel memory: 100K
Loading, please wait...
starting version[   22.460008] random: systemd-udevd: uninitialized urandom read (16 bytes read, 5 bits of entropy available)
 229
[   22.464784] random: udevadm: uninitialized urandom read (16 bytes read, 5 bits of entropy available)
[   22.464801] random: udevadm: uninitialized urandom read (16 bytes read, 5 bits of entropy available)
[   22.471962] random: udevadm: uninitialized urandom read (16 bytes read, 5 bits of entropy available)
[   22.472025] random: udevadm: uninitialized urandom read (16 bytes read, 5 bits of entropy available)
[   22.472172] random: udevadm: uninitialized urandom read (16 bytes read, 5 bits of entropy available)
[   22.472227] random: udevadm: uninitialized urandom read (16 bytes read, 5 bits of entropy available)
[   22.472278] random: udevadm: uninitialized urandom read (16 bytes read, 5 bits of entropy available)
[   22.472333] random: udevadm: uninitialized urandom read (16 bytes read, 5 bits of entropy available)
[   22.472383] random: udevadm: uninitialized urandom read (16 bytes read, 5 bits of entropy available)
[   22.589592] e1000: Intel(R) PRO/1000 Network Driver - version 7.3.21-k8-NAPI
[   22.747431] e1000: Copyright (c) 1999-2006 Intel Corporation.
[   22.747991] Fusion MPT base driver 3.04.20
[   22.747992] Copyright (c) 1999-2008 LSI Corporation
[   22.767349] Fusion MPT SPI Host driver 3.04.20
[   22.776773] mptbase: ioc0: Initiating bringup
[   22.794568] AVX2 version of gcm_enc/dec engaged.
[   22.834196] AES CTR mode by8 optimization enabled
[   22.855882] ioc0: LSI53C1030 A0: Capabilities={Initiator}
[   23.036619] scsi host2: ioc0: LSI53C1030 A0, FwRev=00000000h, Ports=1, MaxQ=256, IRQ=20
[   23.088386] input: ImExPS/2 Generic Explorer Mouse as /devices/platform/i8042/serio1/input/input4
[   23.364332] scsi 2:0:0:0: Direct-Access     VBOX     HARDDISK         1.0  PQ: 0 ANSI: 5
[   23.386855] scsi target2:0:0: Beginning Domain Validation
[   23.389442] scsi target2:0:0: Domain Validation skipping write tests
[   23.392537] scsi target2:0:0: Ending Domain Validation
[   23.393886] scsi target2:0:0: asynchronous
[   23.396731] scsi 2:0:1:0: Direct-Access     VBOX     HARDDISK         1.0  PQ: 0 ANSI: 5
[   23.399635] scsi target2:0:1: Beginning Domain Validation
[   23.413082] scsi target2:0:1: Domain Validation skipping write tests
[   23.415705] scsi target2:0:1: Ending Domain Validation
[   23.420315] scsi target2:0:1: asynchronous
[   23.452834] sd 2:0:0:0: Attached scsi generic sg0 type 0
[   23.458125] sd 2:0:0:0: [sda] 20971520 512-byte logical blocks: (10.7 GB/10.0 GiB)
[   23.462884] sd 2:0:0:0: [sda] Write Protect is off
[   23.471559] sd 2:0:0:0: [sda] Incomplete mode parameter data
[   23.471561] sd 2:0:0:0: [sda] Assuming drive cache: write through
[   23.489439] sd 2:0:1:0: [sdb] 20480 512-byte logical blocks: (10.5 MB/10.0 MiB)
[   23.489513] sd 2:0:1:0: Attached scsi generic sg1 type 0
[   23.510465] sd 2:0:1:0: [sdb] Write Protect is off
[   23.511457] sd 2:0:1:0: [sdb] Incomplete mode parameter data
[   23.512480] sd 2:0:1:0: [sdb] Assuming drive cache: write through
[   23.515147]  sda: sda1
[   23.531004] sd 2:0:1:0: [sdb] Attached SCSI disk
[   23.534294] sd 2:0:0:0: [sda] Attached SCSI disk
[   23.742003] e1000 0000:00:03.0 eth0: (PCI:33MHz:32-bit) 02:ee:24:bb:8a:f6
[   23.748717] e1000 0000:00:03.0 eth0: Intel(R) PRO/1000 Network Connection
[   23.752623] e1000 0000:00:03.0 enp0s3: renamed from eth0
Begin: Loading e[   25.324768] md: linear personality registered for level -1
ssential drivers ... [   25.365614] md: multipath personality registered for level -4
[   25.379931] md: raid0 personality registered for level 0
[   25.465394] md: raid1 personality registered for level 1
[   25.615891] raid6: sse2x1   gen()  7097 MB/s
[   25.691531] raid6: sse2x1   xor()  7111 MB/s
[   25.799536] raid6: sse2x2   gen() 11233 MB/s
[   25.887764] raid6: sse2x2   xor()  8081 MB/s
[   25.972105] raid6: sse2x4   gen() 13101 MB/s
[   26.068247] raid6: sse2x4   xor()  8747 MB/s
[   26.188026] raid6: avx2x1   gen() 18208 MB/s
[   26.311642] raid6: avx2x2   gen() 21927 MB/s
[   26.384303] raid6: avx2x4   gen() 23589 MB/s
[   26.453373] raid6: using algorithm avx2x4 gen() 23589 MB/s
[   26.495926] raid6: using avx2x2 recovery algorithm
[   26.550169] xor: automatically using best checksumming function:
[   26.595810]    avx       : 16468.000 MB/sec
[   26.613085] async_tx: api initialized (async)
[   26.664634] md: raid6 personality registered for level 6
[   26.697113] md: raid5 personality registered for level 5
[   26.698063] md: raid4 personality registered for level 4
[   26.706630] md: raid10 personality registered for level 10
done.
Begin: Running /scripts/init-premount ... done.
Begin: Mounting root file system ... Begin: Running /scripts/local-top ... done.
Begin: Running /scripts/local-premount ... [   26.759196] Btrfs loaded
Scanning for Btrfs filesystems
done.
Warning: fsck no[   26.827345] EXT4-fs (sda1): mounted filesystem with ordered data mode. Opts: (null)
t present, so skipping root file system
done.
Begin: Running /scripts/local-bottom ... done.
Begin: Running /scripts/init-bottom ... done.
[   27.050743] systemd[1]: systemd 229 running in system mode. (+PAM +AUDIT +SELINUX +IMA +APPARMOR +SMACK +SYSVINIT +UTMP +LIBCRYPTSETUP +GCRYPT +GNUTLS +ACL +XZ -LZ4 +SECCOMP +BLKID +ELFUTILS +KMOD -IDN)
[   27.093155] systemd[1]: Detected virtualization oracle.
[   27.109486] systemd[1]: Detected architecture x86-64.

Welcome to [1mUbuntu 16.04.4 LTS[0m!

[ 27.3254]syted[]:ethonae to <ubuntu>.

[   27.755996] systemd[1]: Initializing machine ID from random generator.
[   27.779155] systemd[1]: Installed transient /etc/machine-id file.
[   27.910902] systemd[1]: Created slice User and Session Slice.
[[0;32m  OK  [0m] Created slice User and Session Slice.
[ 280438 systemd[1] Lstnig n Jornal Auitoct.
[[0;32m  OK  [0m] Listening on Journal Audit Socket.
[ 286643] std[: arted Trgger resolvconf update for networkd DNS.
[[0;32m  OK  [0m] Started Trigger resolvconf update for networkd DNS.
[   29.051280] systemd[1]: Created slice System Slice.
[[0;32m  OK  [0m] Created slice System Slice.
[ 29962] systemd[1]: Reached target Slices.
[[0;32m  OK  [0m] Reached target Slices.
[ 297606] systmd1]StteFoarPaswrdeqes tWa Drectryath.
[[0;32m  OK  [0m] Started Forward Password Requests to Wall Directory Watch.
[  32643] ystemd1] RacedtageEnypd Volums.
[[0;32m  OK  [0m] Reached target Encrypted Volumes.
[   30.828905] systemd[1]: Listening on Syslog Socket.
[[0;32m  OK  [0m] Listening on Syslog Socket.
[   30.830978] systemd[1]: Listening on Journal Socket (/dev/log).
[[0;32m  OK  [0m] Listening on Journal Socket (/dev/log).
[   30.839133] systemd[1]: Reached target User and Group Name Lookups.
[[0;32m  OK  [0m] Reached target User and Group Name Lookups.
[   30.884796] systemd[1]: Listening on udev Control Socket.
[[0;32m  OK  [0m] Listening on udev Control Socket.
[   30.886962] systemd[1]: Listening on udev Kernel Socket.
[[0;32m  OK  [0m] Listening on udev Kernel Socket.
[   30.889115] systemd[1]: Listening on Journal Socket.
[[0;32m  OK  [0m] Listening on Journal Socket.
[   30.892669] random: nonblocking pool is initialized
[   30.952500] systemd[1]: Starting Load Kernel Modules...
         Starting Load Kernel Modules...
[   30.966315] systemd[1]: Starting Create list of required static device nodes for the current kernel...
         Starting Create list of required st... nodes for the current kernel...
[   31.000904] Loading iSCSI transport class v2.0-870.
[   31.012515] systemd[1]: Mounting Huge Pages File System...
         [   31.055528] iscsi: registered transport (tcp)
Mounting Huge Pages File System...
[   31.091083] systemd[1]: Mounting Debug File System...
         Mounting Debug F[   31.169967] iscsi: registered transport (iser)
ile System...
[   31.223689] systemd[1]: Mounting POSIX Message Queue File System...
         Mounting POSIX Message Queue File System...
[   31.302544] systemd[1]: Starting Uncomplicated firewall...
         Starting Uncomplicated firewall...
[   31.380545] systemd[1]: Starting Journal Service...
         Starting Journal Service...
[   31.479772] systemd[1]: Starting Remount Root and Kernel File Systems...
         [   31.552666] EXT4-fs (sda1): re-mounted. Opts: (null)
Starting Remount Root and Kernel File Systems...
[   31.948479] systemd[1]: Starting Nameserver information manager...
         Starting Nameserver information manager...
[  32.008117 ste[1 Reachd rgt ystem Tme Synchrnized.
[[0;32m  OK  [0m] Reached target System Time Synchronized.
[ 32236]syem[1 LtengonDevicemaper vent daemon FIFOs.

[[0;32m  OK  [0m] Listening on Device-mapper event daemon FIFOs.
[ 331265] systemd[1]: Listening on LVM2 poll daemon socket.
[[0;32m  OK  [0m] Listening on LVM2 poll daemon socket.
[   33.248899] systemd[1]: Reached target Swap.
[[0;32m  OK  [0m] Reached target Swap.
[  33.340717 sysem[1: isenin oLV madtaaeonoct.
[[0;32m  OK  [0m] Listening on LVM2 metadata daemon socket.
[   34.076489] systemd[1]: Starting Monitoring of LVM2 mirrors, snapshots etc. using dmeventd or progress polling...
         Starting Monitoring of LVM2 mirrors... dmeventd or progress polling...
[  3.219] systmd[1]:Litenig  /evinict Cmptibility Named Pipe.
[[0;32m  OK  [0m] Listening on /dev/initctl Compatibility Named Pipe.
[ 34523]ysted[]:Se uauomount Arbitrary ExcublFileFomats Fe ysemAumot oit.

[[0;32m  OK  [0m] Set up automount Arbitrary Executab...ats File System Automount Point.
[   35.841088] systemd[1]: Starting Set console keemap...
         Starting Set console keymap...
[   35.936359] systemd[1]: Created slice system-serial\x2dgetty.slice.
[[0;32m  OK  [0m] Created slice system-serial\x2dgetty.slice.
[   35.996854] systemd[1]: Mounted POSIX Message Queue File System.
[[0;32m  OK  [0m] Mounted POSIX Message Queue File System.
[   36.071054] systemd[1]: Mounted Debug File System.
[[0;32m  OK  [0m] Mounted Debug File System.
[   36.073290] systemd[1]: Mounted Huge Pages File System.
[[0;32m  OK  [0m] Mounted Huge Pages File System.
[ 362018] ystd[]: tartd JouralSevi.
[[0;32m  OK  [0m] Started Journal Service.
[[0;32m  OK  [0m] Started Load Kernel Modules.
[[0;32m  OK  [0m] Started Create list of required sta...ce nodes for the current kernel.
[[0;32m  OK  [0m] Started Uncomplicated firewall.
[[0;32m  OK  [0m] Started Remount Root and Kernel File Systems.
[[0;32m  OK  [0m] Started Set console keymap.
[[0;32m  OK  [0m] Started Nameserver information manager.
[[0;32m  OK  [0m] Started LVM2 metadata daemon.
         Starting udev Coldplug all Devices...
         Starting Initial cloud-init job (pre-networking)...
         Starting Load/Save Random Seed...
         Starting Create Static Device Nodes in /dev...
         Mounting FUSE Control File System...
         Starting Apply Kernel Variables...
         Starting Flush Journal to Persistent Storage...
[[0;32m  OK  [0m] Mounted FUSE Control File System.
[[0;32m  OK  [0m] Started Monitoring of LVM2 mirrors,...ng dmeventd or progress polling.
[[0;32m  OK  [0m] Started Load/Save Random Seed.
[[0;32m  OK  [0m] Started Create Static Device Nodes in /dev.
[[0;32m  OK  [0m] Started Apply Kernel Variables.
[[0;32m  OK  [0m] Started udev Coldplug all Devices.
[[0;32m  OK  [0m] Started Flush Journal to Persistent Storage.
         Starting udev Kernel Device Manager...
[[0;32m  OK  [0m] Started udev Kernel Device Manager.
[[0;32m  OK  [0m] Started Dispatch Password Requests to Console Directory Watch.
[[0;32m  OK  [0m] Reached target Local File Systems (Pre).
[[0;32m  OK  [0m] Reached target Local File Systems.
         Starting Create Volatile Files and Directories...
         Starting Set console font and keymap...
         Starting Commit a transient machine-id on disk...
         Starting Tell Plymouth To Write Out Runtime Data...
         Starting LSB: AppArmor initialization...
[[0;32m  OK  [0m] Started Create Volatile Files and Directories.
[[0;32m  OK  [0m] Started Commit a transient machine-id on disk.
[[0;32m  OK  [0m] Started Tell Plymouth To Write Out Runtime Data.
[[0;32m  OK  [0m] Found device /dev/ttyS0.
         Starting Update UTMP about System Boot/Shutdown...
[[0;32m  OK  [0m] Started Update UTMP about System Boot/Shutdown.
[   23.875266] [cloud-init[0;32m  OK  [0m[439]: ] Cloud-init v. 18.2 running 'init-local' at Sun, 13 May 2018 02:08:50 +0000. Up 23.23 seconds.Started Initial cloud-init job (pre-networking).

[[0;32m  OK  [0m] Listening on Load/Save RF Kill Switch Status /dev/rfkill Watch.
[[0;32m  OK  [0m] Reached target Network (Pre).
[[0;32m  OK  [0m] Started LSB: AppArmor initialization.
[[0;32m  OK  [0m] Started ifup for enp0s3.
         Starting Raise network interfaces...
[[0;32m  OK  [0m] Found device 82540EM Gigabit Ethern...r (PRO/1000 MT Desktop Adapter).
[[0;32m  OK  [0m] Started Set console font and keymap.
[[0;32m  OK  [0m] Created slice system-getty.slice.
[[0;32m  OK  [0m] Started Raise network interfaces.
         Starting Initial cloud-init job (metadata service crawler)...
[[0;32m  OK  [0m] Reached target Network.
[   26.196529] cloud-init[932]: Cloud-init v. 18.2 running 'init' at Sun, 13 May 2018 02:08:53 +0000. Up 25.58 seconds.
[   26.318187] cloud-init[932]: ci-info: +++++++++++++++++++++++++++++++++++++Net device info++++++++++++++++++++++++++++++++++++++
[[0;32m  OK  [0m] Started Initial cloud-init job (metadata service crawler).
[[   26.452716] cloud-init[932]: ci-info: +--------+------+----------------------------+---------------+-------+-------------------+
[   26.546431] cloud-init[932]: ci-info: | Device |  Up  |          Address           |      Mask     | Scope |     Hw-Address    |
[0;32m  OK  [0m] Reached target Network is Online.
[   26.546511] cloud-init[932]: ci-info: +--------+------+----------------------------+---------------+-------+-------------------+
[   26.861405] cloud-init[932]: ci-info: | enp0s3 | True |         10.0.2.15          | 255.255.255.0 |   .   | 02:ee:24:bb:8a:f6 |
[   26.861781] cloud-init[932]: ci-info: | enp0s3 | True | fe80::ee:24ff:febb:8af6/64 |       .       |  link | 02:ee:24:bb:8a:f6 |
         Starting iSCSI initiator daemon (iscsid)...
[[   26.861927] cloud-init[932]: ci-info: |   lo   | True |         127.0.0.1          |   255.0.0.0   |   .   |         .         |
[   27.031348] cloud-init[932]: ci-info: |   lo   | True |          ::1/128           |       .       |  host |         .         |
[0;32m  OK  [0m] Reached target System Initialization.
[   27.031465] cloud-init[932]: ci-info: +--------+------+----------------------------+---------------+-------+-------------------+
[   27.518182] cloud-init[932]: ci-info: +++++++++++++++++++++++++++Route IPv4 info++++++++++++++++++++++++++++
[[0;32m  OK  [0m] Listening on D-Bus System Message Bus Socket.
         Starting Socket activation for snappy daemon.
[   27.518692] cloud-init[932]: ci-info: +-------+-------------+----------+---------------+-----------+-------+
[   27.901305] cloud-init[932]: ci-info: | Route | Destination | Gateway  |    Genmask    | Interface | Flags |
[   27.901687] cloud-init[932]: ci-info: +-------+-------------+----------+---------------+-----------+-------+
         Starting LXD - unix socket.
[   27.901890] cloud-init[932]: ci-info: |   0   |   0.0.0.0   | 10.0.2.2 |    0.0.0.0    |   enp0s3  |   UG  |
[   28.210380] cloud-init[932]: ci-info: |   1   |   10.0.2.0  | 0.0.0.0  | 255.255.255.0 |   enp0s3  |   U   |
[   28.210646] cloud-init[932]: ci-info: +-------+-------------+----------+---------------+-----------+-------+
[[0;32m  OK  [0m] Started ACPI Events Check.
[   28.210781] cloud-init[932]: Generating public/private rsa key pair.
[   28.342987] cloud-init[932]: Your identification has been saved in /etc/ssh/ssh_host_rsa_key.
[[0;32m  OK  [0m] Reached target Paths.
[   28.343161] cloud-init[932]: Your public key has been saved in /etc/ssh/ssh_host_rsa_key.pub.
[   28.478780] cloud-init[932]: The key fingerprint is:
[[0;32m  OK  [0m] Started Daily Cleanup of Temporary Directories.
[   28.478882] cloud-init[932]: SHA256:U2GS7Hvlf+0KIs1wxzyeKq4e6o9gSuSQRYc0P9ygACA root@ubuntu-xenial
[   28.629284] cloud-init[932]: The key's randomart image is:
[[0;32m  OK  [0m] Listening on ACPID Listen Socket.
[[   28.629483] cloud-init[932]: +---[RSA 2048]----+
[   28.716848] cloud-init[932]: |E.+.o  ...o      |
[0;32m  OK  [0m] Listening on UUID daemon activation socket.
[[   28.716983] cloud-init[932]: |.o.* o  oo .     |
[   28.809431] cloud-init[932]: |  o + ..  .      |
[0;32m  OK  [0m] Started Daily apt download activities.
[   28.809548] cloud-init[932]: | o   .  .. o.    |
[   28.866116] cloud-init[932]: |o.      S..o=    |
[[0;32m  OK  [0m] Started Daily apt upgrade and clean activities.
[[   28.866623] cloud-init[932]: |+       .*.o.o   |
[   28.960860] cloud-init[932]: | oo   . ..+ +.  .|
[0;32m  OK  [0m] Reached target Timers.
[   28.960968] cloud-init[932]: |.o . o ... o .. o|
[   29.041549] cloud-init[932]: |.  .+o+o...   .+.|
[[0;32m  OK  [0m] Reached target Cloud-config availability.
[   29.041893] cloud-init[932]: +----[SHA256]-----+
[   29.194186] cloud-init[932]: Generating public/private dsa key pair.
[   29.194490] cloud-init[932]: Your identification has been saved in /etc/ssh/ssh_host_dsa_key.
[[0;32m  OK  [0m] Listening on Socket activation for snappy daemon.
[   29.194668] cloud-init[932]: Your public key has been saved in /etc/ssh/ssh_host_dsa_key.pub.
[   29.374069] cloud-init[932]: The key fingerprint is:
[[0;32m  OK  [0m] Listening on LXD - unix socket.
[[   29.374581] cloud-init[932]: SHA256:/03abXvsZXR4QbhRRxVFoyFsUb7h3cjerX2/SLazCco root@ubuntu-xenial
[   29.382008] cloud-init[932]: The key's randomart image is:
[0;32m  OK  [0m] Started iSCSI initiator daemon (iscsid).
[   29.382135] cloud-init[932]: +---[DSA 1024]----+
[   29.465776] cloud-init[932]: |          .ooooBX|
[   29.488327] cloud-init[932]: |           ooo+ o|
[   29.488669] cloud-init[932]: |          .  +o. |
         Starting Login to default iSCSI targets...
[[   29.488828] cloud-init[932]: |            .o+oo|
[   29.558003] cloud-init[932]: |        S    o+.=|
[   29.558251] cloud-init[932]: |         .   . +o|
[   29.558406] cloud-init[932]: |          .. oo.=|
[   29.558562] cloud-init[932]: |        . ..+*+=*|
[   29.558719] cloud-init[932]: |         E  o=*=@|
[0;32m  OK  [0m] Reached target Sockets.
[[   29.558864] cloud-init[932]: +----[SHA256]-----+
[   29.753274] cloud-init[932]: Generating public/private ecdsa key pair.
[0;32m  OK  [0m] Reached target Basic System.
[   29.753409] cloud-init[932]: Your identification has been saved in /etc/ssh/ssh_host_ecdsa_key.
[   29.808733] cloud-init[932]: Your public key has been saved in /etc/ssh/ssh_host_ecdsa_key.pub.
[   29.809095] cloud-init[932]: The key fingerprint is:
         Starting Pollinate to seed the pseudo random number generator...
[   29.809345] cloud-init[932]: SHA256:rdxQPlB/hRThHGq9MrrZZx9Vsnr8PSTsjmUUc9afhRs root@ubuntu-xenial
[   29.976379] cloud-init[932]: The key's randomart image is:
[   29.976511] cloud-init[932]: +---[ECDSA 256]---+
[   29.976751] cloud-init[932]: |          .  .=+.|
[   29.976841] cloud-init[932]: |         . . =.+.|
[   29.976897] cloud-init[932]: |        . . +oEo+|
[   29.976945] cloud-init[932]: |         = . .=*=|
[   29.976996] cloud-init[932]: |        S + +.+.o|
[   29.977049] cloud-init[932]: |       . + o.B ..|
[   29.977101] cloud-init[932]: |        o o oo=. |
[   29.977196] cloud-init[932]: |           ++oooo|
[   29.977274] cloud-init[932]: |          o.o+ .=|
[   29.977342] cloud-init[932]: +----[SHA256]-----+
[   29.977438] cloud-init[932]: Generating public/private ed25519 key pair.
[   29.977496] cloud-init[932]: Your identification has been saved in /etc/ssh/ssh_host_ed25519_key.
[   29.977554] cloud-init[932]: Your public key has been saved in /etc/ssh/ssh_host_ed25519_key.pub.
[   29.977613] cloud-init[932]: The key fingerprint is:
[   29.977669] cloud-init[932]: SHA256:4CZ3BCk0OLwtJ91HyfI00uKIdYbAP9tLV7+RnegtmIM root@ubuntu-xenial
[   29.977723] cloud-init[932]: The key's randomart image is:
[   29.977781] cloud-init[932]: +--[ED25519 256]--+
[   29.977838] cloud-init[932]: | o.+o..+ .       |
[   29.977898] cloud-init[932]: |  = +.B.B        |
[   29.977947] cloud-init[932]: |   O B.B..       |
[   29.977990] cloud-init[932]: |  = B.ooo .      |
[   29.978039] cloud-init[932]: |   +.++.S. . + . |
[   29.978095] cloud-init[932]: |    .+o..   = o  |
[   29.978220] cloud-init[932]: |     . o . + +   |
[   29.978283] cloud-init[932]: |      . E + + .  |
[   29.978342] cloud-init[932]: |           . .   |
[   29.978398] cloud-init[932]: +----[SHA256]-----+
         Starting System Logging Service...
[[0;32m  OK  [0m] Started FUSE filesystem for LXC.
         Starting Accounts Service...
[[0;32m  OK  [0m] Started Regular background program processing daemon.
         Starting Virtualbox guest utils...
         Starting Snappy daemon...
[[0;32m  OK  [0m] Started Unattended Upgrades Shutdown.
[[0;32m  OK  [0m] Started D-Bus System Message Bus.
         Starting LXD - container startup/shutdown...
         Starting Apply the settings specified in cloud-config...
         Starting /etc/rc.local Compatibility...
[[0;32m  OK  [0m] Started Deferred execution scheduler.
         Starting Login Service...
         Starting LSB: Record successful boot for GRUB...
         Starting LSB: MD monitoring daemon...
[[0;32m  OK  [0m] Started ACPI event daemon.
[[0;32m  OK  [0m] Started System Logging Service.
[[0;32m  OK  [0m] Started Snappy daemon.
[[0;32m  OK  [0m] Started LXD - container startup/shutdown.
[[0;32m  OK  [0m] Started /etc/rc.local Compatibility.
[[0;32m  OK  [0m] Started Login to default iSCSI targets.
         Starting Authenticate and Authorize Users to Run Privileged Tasks...
[[0;32m  OK  [0m] Reached target Remote File Systems (Pre).
[[0;32m  OK  [0m] Reached target Remote File Systems.
         Starting LSB: daemon to balance interrupts for SMP systems...
         Starting LSB: automatic crash report generation...
         Starting LSB: Set the CPU Frequency Scaling governor to "ondemand"...
         Starting Permit User Sessions...
[   31.402422] cloud-init[1103]: Generating locales (this might take a while)...
[[0;32m  OK  [0m] Started Virtualbox guest utils.
[[0;32m  OK  [0m] Started LSB: Record successful boot for GRUB.
[[0;32m  OK  [0m] Started LSB: MD monitoring daemon.
[[0;32m  OK  [0m] Started Permit User Sessions.
[[0;32m  OK  [0m] Started Login Service.
[[0;32m  OK  [0m] Started Authenticate and Authorize Users to Run Privileged Tasks.
[[0;32m  OK  [0m] Started Accounts Service.
         Starting Hold until boot process finishes up...
         Starting Terminate Plymouth Boot Screen...
[[0;32m  OK  [0m] Started Pollinate to seed the pseudo random number generator.
[[0;32m  OK  [0m] Started LSB: daemon to balance interrupts for SMP systems.
[[0;32m  OK  [0m] Started LSB: automatic crash report generation.
[[0;32m  OK  [0m] Started LSB: Set the CPU Frequency Scaling governor to "ondemand".
[[0;32m  OK  [0m] Started Hold until boot process finishes up.
[[0;32m  OK  [0m] Started Terminate Plymouth Boot Screen.
         Starting Set console scheme...
[[0;32m  OK  [0m] Started Getty on tty1.
[[0;32m  OK  [0m] Started Serial Getty on ttyS0.
[[0;32m  OK  [0m] Reached target Login Prompts.
         Starting OpenBSD Secure Shell server...
[[0;32m  OK  [0m] Started OpenBSD Secure Shell server.
[[0;32m  OK  [0m] Started Set console scheme.
[[0;32m  OK  [0m] Reached target Multi-User System.
[[0;32m  OK  [0m] Reached target Graphical Interface.
         Starting Update UTMP about System Runlevel Changes...
[[0;32m  OK  [0m] Started Update UTMP about System Runlevel Changes.
[[0;32m  OK  [0m] Created slice User Slice of vagrant.
         Starting User Manager for UID 1000...
[[0;32m  OK  [0m] Started Session 1 of user vagrant.
[[0;32m  OK  [0m] Started User Manager for UID 1000.
[   32.454078] cloud-init[1103]:   en_US.UTF-8... done
[   32.472954] cloud-init[1103]: Generation complete.
[   32.830889] cloud-init[1103]: Cloud-init v. 18.2 running 'modules:config' at Sun, 13 May 2018 02:08:58 +0000. Up 31.20 seconds.
[[0;32m  OK  [0m] Started Apply the settings specified in cloud-config.
         Starting Execute cloud user/final scripts...
ci-info: no authorized ssh keys fingerprints found for user ubuntu.
<14>May 13 02:09:00 ec2: 
<14>May 13 02:09:00 ec2: #############################################################
<14>May 13 02:09:00 ec2: -----BEGIN SSH HOST KEY FINGERPRINTS-----
<14>May 13 02:09:00 ec2: 1024 SHA256:/03abXvsZXR4QbhRRxVFoyFsUb7h3cjerX2/SLazCco root@ubuntu-xenial (DSA)
<14>May 13 02:09:00 ec2: 256 SHA256:rdxQPlB/hRThHGq9MrrZZx9Vsnr8PSTsjmUUc9afhRs root@ubuntu-xenial (ECDSA)
<14>May 13 02:09:00 ec2: 256 SHA256:4CZ3BCk0OLwtJ91HyfI00uKIdYbAP9tLV7+RnegtmIM root@ubuntu-xenial (ED25519)
<14>May 13 02:09:00 ec2: 2048 SHA256:U2GS7Hvlf+0KIs1wxzyeKq4e6o9gSuSQRYc0P9ygACA root@ubuntu-xenial (RSA)
<14>May 13 02:09:00 ec2: -----END SSH HOST KEY FINGERPRINTS-----
<14>May 13 02:09:00 ec2: #############################################################
-----BEGIN SSH HOST KEY KEYS-----
ecdsa-sha2-nistp256 AAAAE2VjZHNhLXNoYTItbmlzdHAyNTYAAAAIbmlzdHAyNTYAAABBBIlLkqyml/RlPEJTbNV+1wIvrnk8gE9sq00jKUh8YZAZj32oprjjS3jIXAbL7/ZtQl138NaU+Py165raNTJhdNE= root@ubuntu-xenial
ssh-ed25519 AAAAC3NzaC1lZDI1NTE5AAAAIEUvavZee1hHrdA4bF7oUISLYTuqiN4m+qjJzeikB1F4 root@ubuntu-xenial
ssh-rsa AAAAB3NzaC1yc2EAAAADAQABAAABAQDqXplGpQbLx6Eqew3bZ74UA2/MAhl0eccQHYtVF5Ob6hViccRvoRgsbkOOLJF+01W04O7K253s/JpvNYtGjG9NaFxiLGwH33ER6BxYVP2Yu3tzT1oGU3WyT0FQ7LgimreoM5BHn8CBoVtNVfYac2j4X2xIFuCTEVkzRZN3Viv8mfhxEyAItzob0DbPWNFZhMSbQJ58/sDiwHT7CdwkESk+wwpBXHp5EvcaQluKN039C9SWNRpcqbak3lwjAL8MS8/JUciQjTvx3Igxo7BvVrXpcdcSjuBUctanoJGfhhM/b5GTTMXgG8hD9+t8ysjvmHACMCgeLmgYHmSvnjlfxrsP root@ubuntu-xenial
-----END SSH HOST KEY KEYS-----
[   33.804111] cloud-init[1352]: Cloud-init v. 18.2 running 'modules:final' at Sun, 13 May 2018 02:09:00 +0000. Up 33.19 seconds.
[   33.872976] [cloud-init[0;32m  OK  [0m[1352]: ] ci-info: no authorized ssh keys fingerprints found for user ubuntu.Started Execute cloud user/final scripts.

[   33.873356] cloud-init[1352]: Cloud-init v. 18.2 finished at Sun, 13 May 2018 02:09:01 +0000. Datasource DataSourceNoCloud [seed=/dev/sdb][dsmode=net].  Up 33.79 seconds
[[0;32m  OK  [0m] Reached target Cloud-init target.

Ubuntu 16.04.4 LTS ubuntu-xenial ttyS0

ubuntu-xenial login: 